<?xml version="1.0" encoding="UTF-8"?>
<!-- Generated by org.testng.reporters.JUnitReportReporter -->
<testsuite hostname="DESKTOP-5PPQH1F" failures="0" tests="1" name="as1" time="4.068" errors="0" timestamp="2022-12-13T09:55:43 PST" skipped="0">
  <testcase classname="as1" name="test1" time="4.068"/>
  <system-out/>
</testsuite> <!-- as1 -->
